<?xml version="1.0" encoding="UTF-8"?>
<testsuites tests="15" failures="0" disabled="0" errors="0" time="0.003" timestamp="2025-11-03T16:55:33.901" name="AllTests">
  <testsuite name="StaffQueryTest" tests="15" failures="0" disabled="0" skipped="0" errors="0" time="0.002" timestamp="2025-11-03T16:55:33.901">
    <testcase name="PlantProperties" file="QueryHandlingUnitTest.cpp" line="50" status="run" result="completed" time="0.001" timestamp="2025-11-03T16:55:33.901" classname="StaffQueryTest" />
    <testcase name="RoseProperties" file="QueryHandlingUnitTest.cpp" line="57" status="run" result="completed" time="0." timestamp="2025-11-03T16:55:33.903" classname="StaffQueryTest" />
    <testcase name="PlantCareParameters" file="QueryHandlingUnitTest.cpp" line="63" status="run" result="completed" time="0." timestamp="2025-11-03T16:55:33.903" classname="StaffQueryTest" />
    <testcase name="PlantStateChanges" file="QueryHandlingUnitTest.cpp" line="74" status="run" result="completed" time="0." timestamp="2025-11-03T16:55:33.903" classname="StaffQueryTest" />
    <testcase name="FloorEmployeeHandlesInfo" file="QueryHandlingUnitTest.cpp" line="93" status="run" result="completed" time="0." timestamp="2025-11-03T16:55:33.903" classname="StaffQueryTest" />
    <testcase name="FloorManagerHandlesStock" file="QueryHandlingUnitTest.cpp" line="100" status="run" result="completed" time="0." timestamp="2025-11-03T16:55:33.903" classname="StaffQueryTest" />
    <testcase name="QueryChainOfResponsibility" file="QueryHandlingUnitTest.cpp" line="112" status="run" result="completed" time="0." timestamp="2025-11-03T16:55:33.903" classname="StaffQueryTest" />
    <testcase name="QueryConstruction" file="QueryHandlingUnitTest.cpp" line="126" status="run" result="completed" time="0." timestamp="2025-11-03T16:55:33.903" classname="StaffQueryTest" />
    <testcase name="StaffNameAndNext" file="QueryHandlingUnitTest.cpp" line="133" status="run" result="completed" time="0." timestamp="2025-11-03T16:55:33.903" classname="StaffQueryTest" />
    <testcase name="SalesEmployeeHandlesDeals" file="QueryHandlingUnitTest.cpp" line="139" status="run" result="completed" time="0." timestamp="2025-11-03T16:55:33.903" classname="StaffQueryTest" />
    <testcase name="SalesManagerHandlesEvents" file="QueryHandlingUnitTest.cpp" line="154" status="run" result="completed" time="0." timestamp="2025-11-03T16:55:33.904" classname="StaffQueryTest" />
    <testcase name="FloorEmployeeHandlesRecommendations" file="QueryHandlingUnitTest.cpp" line="168" status="run" result="completed" time="0." timestamp="2025-11-03T16:55:33.904" classname="StaffQueryTest" />
    <testcase name="UnhandledQueryType" file="QueryHandlingUnitTest.cpp" line="183" status="run" result="completed" time="0." timestamp="2025-11-03T16:55:33.904" classname="StaffQueryTest" />
    <testcase name="MiscQueryBuilderIgnoresItem" file="QueryHandlingUnitTest.cpp" line="203" status="run" result="completed" time="0." timestamp="2025-11-03T16:55:33.904" classname="StaffQueryTest" />
    <testcase name="MultipleMiscQueries" file="QueryHandlingUnitTest.cpp" line="216" status="run" result="completed" time="0." timestamp="2025-11-03T16:55:33.904" classname="StaffQueryTest" />
  </testsuite>
</testsuites>
